<?xml version="1.0" encoding="UTF-8"?>
<testsuite name="org.sujoy.springboot.hello.HelloControllerTest" tests="2" skipped="0" failures="0" errors="0" timestamp="2018-10-10T02:05:26" hostname="Arin.fios-router.home" time="0.025">
  <properties/>
  <testcase name="more" classname="org.sujoy.springboot.hello.HelloControllerTest" time="0.021"/>
  <testcase name="index" classname="org.sujoy.springboot.hello.HelloControllerTest" time="0.003"/>
  <system-out><![CDATA[2018-10-09 22:05:25.681  INFO 22146 --- [    Test worker] .b.t.c.SpringBootTestContextBootstrapper : Neither @ContextConfiguration nor @ContextHierarchy found for test class [org.sujoy.springboot.hello.HelloControllerTest], using SpringBootContextLoader
2018-10-09 22:05:25.681  INFO 22146 --- [    Test worker] o.s.t.c.support.AbstractContextLoader    : Could not detect default resource locations for test class [org.sujoy.springboot.hello.HelloControllerTest]: no resource found for suffixes {-context.xml, Context.groovy}.
2018-10-09 22:05:25.681  INFO 22146 --- [    Test worker] t.c.s.AnnotationConfigContextLoaderUtils : Could not detect default configuration classes for test class [org.sujoy.springboot.hello.HelloControllerTest]: HelloControllerTest does not declare any static, non-private, non-final, nested classes annotated with @Configuration.
2018-10-09 22:05:25.690  INFO 22146 --- [    Test worker] .b.t.c.SpringBootTestContextBootstrapper : Found @SpringBootConfiguration org.sujoy.springboot.hello.Application for test class org.sujoy.springboot.hello.HelloControllerTest
2018-10-09 22:05:25.692  INFO 22146 --- [    Test worker] .b.t.c.SpringBootTestContextBootstrapper : Loaded default TestExecutionListener class names from location [META-INF/spring.factories]: [org.springframework.boot.test.autoconfigure.restdocs.RestDocsTestExecutionListener, org.springframework.boot.test.autoconfigure.web.client.MockRestServiceServerResetTestExecutionListener, org.springframework.boot.test.autoconfigure.web.servlet.MockMvcPrintOnlyOnFailureTestExecutionListener, org.springframework.boot.test.autoconfigure.web.servlet.WebDriverTestExecutionListener, org.springframework.boot.test.mock.mockito.MockitoTestExecutionListener, org.springframework.boot.test.mock.mockito.ResetMocksTestExecutionListener, org.springframework.test.context.web.ServletTestExecutionListener, org.springframework.test.context.support.DirtiesContextBeforeModesTestExecutionListener, org.springframework.test.context.support.DependencyInjectionTestExecutionListener, org.springframework.test.context.support.DirtiesContextTestExecutionListener, org.springframework.test.context.transaction.TransactionalTestExecutionListener, org.springframework.test.context.jdbc.SqlScriptsTestExecutionListener]
2018-10-09 22:05:25.693  INFO 22146 --- [    Test worker] .b.t.c.SpringBootTestContextBootstrapper : Using TestExecutionListeners: [org.springframework.test.context.web.ServletTestExecutionListener@31bf9441, org.springframework.test.context.support.DirtiesContextBeforeModesTestExecutionListener@1dc6059, org.springframework.boot.test.mock.mockito.MockitoTestExecutionListener@31b180fa, org.springframework.boot.test.autoconfigure.SpringBootDependencyInjectionTestExecutionListener@3a0cef42, org.springframework.test.context.support.DirtiesContextTestExecutionListener@775c79de, org.springframework.boot.test.autoconfigure.restdocs.RestDocsTestExecutionListener@15e011c4, org.springframework.boot.test.autoconfigure.web.client.MockRestServiceServerResetTestExecutionListener@28ebe5d2, org.springframework.boot.test.autoconfigure.web.servlet.MockMvcPrintOnlyOnFailureTestExecutionListener@75406972, org.springframework.boot.test.autoconfigure.web.servlet.WebDriverTestExecutionListener@61c66c8d, org.springframework.boot.test.mock.mockito.ResetMocksTestExecutionListener@743d2f40]

  .   ____          _            __ _ _
 /\\ / ___'_ __ _ _(_)_ __  __ _ \ \ \ \
( ( )\___ | '_ | '_| | '_ \/ _` | \ \ \ \
 \\/  ___)| |_)| | | | | || (_| |  ) ) ) )
  '  |____| .__|_| |_|_| |_\__, | / / / /
 =========|_|==============|___/=/_/_/_/
 :: Spring Boot ::        (v2.0.5.RELEASE)

2018-10-09 22:05:25.720  INFO 22146 --- [    Test worker] o.s.s.hello.HelloControllerTest          : Starting HelloControllerTest on Arin.fios-router.home with PID 22146 (started by gogol in /Users/gogol/Work/Workspaces/Gradle/springboot-example/guchu-boot)
2018-10-09 22:05:25.720  INFO 22146 --- [    Test worker] o.s.s.hello.HelloControllerTest          : No active profile set, falling back to default profiles: default
2018-10-09 22:05:25.723  INFO 22146 --- [    Test worker] o.s.w.c.s.GenericWebApplicationContext   : Refreshing org.springframework.web.context.support.GenericWebApplicationContext@542a683e: startup date [Tue Oct 09 22:05:25 EDT 2018]; root of context hierarchy
2018-10-09 22:05:26.095  INFO 22146 --- [    Test worker] o.s.w.s.handler.SimpleUrlHandlerMapping  : Mapped URL path [/**/favicon.ico] onto handler of type [class org.springframework.web.servlet.resource.ResourceHttpRequestHandler]
2018-10-09 22:05:26.162  INFO 22146 --- [    Test worker] s.w.s.m.m.a.RequestMappingHandlerAdapter : Looking for @ControllerAdvice: org.springframework.web.context.support.GenericWebApplicationContext@542a683e: startup date [Tue Oct 09 22:05:25 EDT 2018]; root of context hierarchy
2018-10-09 22:05:26.183  INFO 22146 --- [    Test worker] s.w.s.m.m.a.RequestMappingHandlerMapping : Mapped "{[/guchu/]}" onto public java.lang.String org.sujoy.springboot.hello.HelloController.index()
2018-10-09 22:05:26.184  INFO 22146 --- [    Test worker] s.w.s.m.m.a.RequestMappingHandlerMapping : Mapped "{[/guchu/more]}" onto public java.lang.String org.sujoy.springboot.hello.HelloController.more()
2018-10-09 22:05:26.187  INFO 22146 --- [    Test worker] s.w.s.m.m.a.RequestMappingHandlerMapping : Mapped "{[/error]}" onto public org.springframework.http.ResponseEntity<java.util.Map<java.lang.String, java.lang.Object>> org.springframework.boot.autoconfigure.web.servlet.error.BasicErrorController.error(javax.servlet.http.HttpServletRequest)
2018-10-09 22:05:26.187  INFO 22146 --- [    Test worker] s.w.s.m.m.a.RequestMappingHandlerMapping : Mapped "{[/error],produces=[text/html]}" onto public org.springframework.web.servlet.ModelAndView org.springframework.boot.autoconfigure.web.servlet.error.BasicErrorController.errorHtml(javax.servlet.http.HttpServletRequest,javax.servlet.http.HttpServletResponse)
2018-10-09 22:05:26.207  INFO 22146 --- [    Test worker] o.s.w.s.handler.SimpleUrlHandlerMapping  : Mapped URL path [/webjars/**] onto handler of type [class org.springframework.web.servlet.resource.ResourceHttpRequestHandler]
2018-10-09 22:05:26.207  INFO 22146 --- [    Test worker] o.s.w.s.handler.SimpleUrlHandlerMapping  : Mapped URL path [/**] onto handler of type [class org.springframework.web.servlet.resource.ResourceHttpRequestHandler]
2018-10-09 22:05:26.509  INFO 22146 --- [    Test worker] o.s.b.t.m.w.SpringBootMockServletContext : Initializing Spring FrameworkServlet ''
2018-10-09 22:05:26.509  INFO 22146 --- [    Test worker] o.s.t.web.servlet.TestDispatcherServlet  : FrameworkServlet '': initialization started
2018-10-09 22:05:26.515  INFO 22146 --- [    Test worker] o.s.b.a.e.web.EndpointLinksResolver      : Exposing 2 endpoint(s) beneath base path '/actuator'
2018-10-09 22:05:26.522  INFO 22146 --- [    Test worker] s.b.a.e.w.s.WebMvcEndpointHandlerMapping : Mapped "{[/actuator/health],methods=[GET],produces=[application/vnd.spring-boot.actuator.v2+json || application/json]}" onto public java.lang.Object org.springframework.boot.actuate.endpoint.web.servlet.AbstractWebMvcEndpointHandlerMapping$OperationHandler.handle(javax.servlet.http.HttpServletRequest,java.util.Map<java.lang.String, java.lang.String>)
2018-10-09 22:05:26.522  INFO 22146 --- [    Test worker] s.b.a.e.w.s.WebMvcEndpointHandlerMapping : Mapped "{[/actuator/info],methods=[GET],produces=[application/vnd.spring-boot.actuator.v2+json || application/json]}" onto public java.lang.Object org.springframework.boot.actuate.endpoint.web.servlet.AbstractWebMvcEndpointHandlerMapping$OperationHandler.handle(javax.servlet.http.HttpServletRequest,java.util.Map<java.lang.String, java.lang.String>)
2018-10-09 22:05:26.523  INFO 22146 --- [    Test worker] s.b.a.e.w.s.WebMvcEndpointHandlerMapping : Mapped "{[/actuator],methods=[GET],produces=[application/vnd.spring-boot.actuator.v2+json || application/json]}" onto protected java.util.Map<java.lang.String, java.util.Map<java.lang.String, org.springframework.boot.actuate.endpoint.web.Link>> org.springframework.boot.actuate.endpoint.web.servlet.WebMvcEndpointHandlerMapping.links(javax.servlet.http.HttpServletRequest,javax.servlet.http.HttpServletResponse)
2018-10-09 22:05:26.532  INFO 22146 --- [    Test worker] o.s.t.web.servlet.TestDispatcherServlet  : FrameworkServlet '': initialization completed in 23 ms
2018-10-09 22:05:26.569  INFO 22146 --- [    Test worker] o.s.s.hello.HelloControllerTest          : Started HelloControllerTest in 0.869 seconds (JVM running for 4.925)
Let's inspect my application
]]></system-out>
  <system-err><![CDATA[]]></system-err>
</testsuite>
